Copyright 1986-2022 Xilinx, Inc. All Rights Reserved.
------------------------------------------------------------------------------------
| Tool Version : Vivado v.2022.2 (win64) Build 3671981 Fri Oct 14 05:00:03 MDT 2022
| Date         : Sun Jun 29 11:35:28 2025
| Host         : Steve running 64-bit major release  (build 9200)
| Command      : upgrade_ip
| Device       : xc7z020clg400-2
------------------------------------------------------------------------------------

Upgrade Log for IP 'system_dmca_ip_0_0'

1. Summary
----------

SUCCESS in the upgrade of system_dmca_ip_0_0 (xilinx.com:user:dmca_ip:0.1.0) from (Rev. 37) to (Rev. 38)






Copyright 1986-2022 Xilinx, Inc. All Rights Reserved.
------------------------------------------------------------------------------------
| Tool Version : Vivado v.2022.2 (win64) Build 3671981 Fri Oct 14 05:00:03 MDT 2022
| Date         : Sat Jun 28 21:16:32 2025
| Host         : Steve running 64-bit major release  (build 9200)
| Command      : upgrade_ip
| Device       : xc7z020clg400-2
------------------------------------------------------------------------------------

Upgrade Log for IP 'system_dmca_ip_0_0'

1. Summary
----------

SUCCESS in the upgrade of system_dmca_ip_0_0 (xilinx.com:user:dmca_ip:0.1.0) from (Rev. 36) to (Rev. 37)






Copyright 1986-2022 Xilinx, Inc. All Rights Reserved.
------------------------------------------------------------------------------------
| Tool Version : Vivado v.2022.2 (win64) Build 3671981 Fri Oct 14 05:00:03 MDT 2022
| Date         : Sat Jun 28 20:53:22 2025
| Host         : Steve running 64-bit major release  (build 9200)
| Command      : upgrade_ip
| Device       : xc7z020clg400-2
------------------------------------------------------------------------------------

Upgrade Log for IP 'system_dmca_ip_0_0'

1. Summary
----------

SUCCESS in the upgrade of system_dmca_ip_0_0 (xilinx.com:user:dmca_ip:0.1.0) from (Rev. 35) to (Rev. 36)






Copyright 1986-2022 Xilinx, Inc. All Rights Reserved.
------------------------------------------------------------------------------------
| Tool Version : Vivado v.2022.2 (win64) Build 3671981 Fri Oct 14 05:00:03 MDT 2022
| Date         : Sat Jun 28 19:06:48 2025
| Host         : Steve running 64-bit major release  (build 9200)
| Command      : upgrade_ip
| Device       : xc7z020clg400-2
------------------------------------------------------------------------------------

Upgrade Log for IP 'system_dmca_ip_0_0'

1. Summary
----------

SUCCESS in the upgrade of system_dmca_ip_0_0 (xilinx.com:user:dmca_ip:0.1.0) from (Rev. 34) to (Rev. 35)






Copyright 1986-2022 Xilinx, Inc. All Rights Reserved.
------------------------------------------------------------------------------------
| Tool Version : Vivado v.2022.2 (win64) Build 3671981 Fri Oct 14 05:00:03 MDT 2022
| Date         : Sat Jun 28 18:35:50 2025
| Host         : Steve running 64-bit major release  (build 9200)
| Command      : upgrade_ip
| Device       : xc7z020clg400-2
------------------------------------------------------------------------------------

Upgrade Log for IP 'system_dmca_ip_0_0'

1. Summary
----------

SUCCESS in the upgrade of system_dmca_ip_0_0 (xilinx.com:user:dmca_ip:0.1.0) from (Rev. 33) to (Rev. 34)






Copyright 1986-2022 Xilinx, Inc. All Rights Reserved.
------------------------------------------------------------------------------------
| Tool Version : Vivado v.2022.2 (win64) Build 3671981 Fri Oct 14 05:00:03 MDT 2022
| Date         : Mon Jun 16 20:24:32 2025
| Host         : Steve running 64-bit major release  (build 9200)
| Command      : upgrade_ip
| Device       : xc7z020clg400-2
------------------------------------------------------------------------------------

Upgrade Log for IP 'system_dmca_ip_0_0'

1. Summary
----------

SUCCESS in the upgrade of system_dmca_ip_0_0 (xilinx.com:user:dmca_ip:0.1.0) from (Rev. 32) to (Rev. 33)






Copyright 1986-2022 Xilinx, Inc. All Rights Reserved.
------------------------------------------------------------------------------------
| Tool Version : Vivado v.2022.2 (win64) Build 3671981 Fri Oct 14 05:00:03 MDT 2022
| Date         : Fri Jun 13 18:24:03 2025
| Host         : Steve running 64-bit major release  (build 9200)
| Command      : upgrade_ip
| Device       : xc7z020clg400-2
------------------------------------------------------------------------------------

Upgrade Log for IP 'system_dmca_ip_0_0'

1. Summary
----------

SUCCESS in the upgrade of system_dmca_ip_0_0 (xilinx.com:user:dmca_ip:0.1.0) from (Rev. 31) to (Rev. 32)






Copyright 1986-2022 Xilinx, Inc. All Rights Reserved.
------------------------------------------------------------------------------------
| Tool Version : Vivado v.2022.2 (win64) Build 3671981 Fri Oct 14 05:00:03 MDT 2022
| Date         : Fri Jun 13 16:57:26 2025
| Host         : Steve running 64-bit major release  (build 9200)
| Command      : upgrade_ip
| Device       : xc7z020clg400-2
------------------------------------------------------------------------------------

Upgrade Log for IP 'system_dmca_ip_0_0'

1. Summary
----------

CAUTION (success, with warnings) in the upgrade of system_dmca_ip_0_0 (xilinx.com:user:dmca_ip:0.1.0) from (Rev. 30) to (Rev. 31)

After upgrade, an IP may have parameter and port differences compared to the original customization. Please review the parameters within the IP customization GUI to ensure proper functionality. Also, please review the updated IP instantiation template to ensure proper connectivity, and update your design if required.

2. Connection Warnings
----------------------

Detected external port differences while upgrading 'system_dmca_ip_0_0'. These changes may impact your design.


-Upgrade has removed port 'addrb_comb'







Copyright 1986-2022 Xilinx, Inc. All Rights Reserved.
------------------------------------------------------------------------------------
| Tool Version : Vivado v.2022.2 (win64) Build 3671981 Fri Oct 14 05:00:03 MDT 2022
| Date         : Fri Jun 13 16:49:52 2025
| Host         : Steve running 64-bit major release  (build 9200)
| Command      : upgrade_ip
| Device       : xc7z020clg400-2
------------------------------------------------------------------------------------

Upgrade Log for IP 'system_dmca_ip_0_0'

1. Summary
----------

CAUTION (success, with warnings) in the upgrade of system_dmca_ip_0_0 (xilinx.com:user:dmca_ip:0.1.0) from (Rev. 29) to (Rev. 30)

After upgrade, an IP may have parameter and port differences compared to the original customization. Please review the parameters within the IP customization GUI to ensure proper functionality. Also, please review the updated IP instantiation template to ensure proper connectivity, and update your design if required.

2. Connection Warnings
----------------------

Detected external port differences while upgrading 'system_dmca_ip_0_0'. These changes may impact your design.


-Upgrade has added port 'addrb_comb'







Copyright 1986-2022 Xilinx, Inc. All Rights Reserved.
------------------------------------------------------------------------------------
| Tool Version : Vivado v.2022.2 (win64) Build 3671981 Fri Oct 14 05:00:03 MDT 2022
| Date         : Fri Jun 13 16:38:27 2025
| Host         : Steve running 64-bit major release  (build 9200)
| Command      : upgrade_ip
| Device       : xc7z020clg400-2
------------------------------------------------------------------------------------

Upgrade Log for IP 'system_dmca_ip_0_0'

1. Summary
----------

SUCCESS in the upgrade of system_dmca_ip_0_0 (xilinx.com:user:dmca_ip:0.1.0) from (Rev. 28) to (Rev. 29)






Copyright 1986-2022 Xilinx, Inc. All Rights Reserved.
------------------------------------------------------------------------------------
| Tool Version : Vivado v.2022.2 (win64) Build 3671981 Fri Oct 14 05:00:03 MDT 2022
| Date         : Fri Jun 13 11:11:24 2025
| Host         : Steve running 64-bit major release  (build 9200)
| Command      : upgrade_ip
| Device       : xc7z020clg400-2
------------------------------------------------------------------------------------

Upgrade Log for IP 'system_dmca_ip_0_0'

1. Summary
----------

SUCCESS in the upgrade of system_dmca_ip_0_0 (xilinx.com:user:dmca_ip:0.1.0) from (Rev. 27) to (Rev. 28)

